<?xml version="1.0" encoding="UTF-8"?>
<testng-results ignored="0" total="1" passed="1" failed="0" skipped="0">
  <reporter-output>
  </reporter-output>
  <suite started-at="2024-03-28T11:10:39 IST" name="Suite" finished-at="2024-03-28T11:11:56 IST" duration-ms="76683">
    <groups>
    </groups>
    <test started-at="2024-03-28T11:10:39 IST" name="Test" finished-at="2024-03-28T11:11:56 IST" duration-ms="76683">
      <class name="SpiceJectTest.PassengersDetailsTest">
        <test-method is-config="true" signature="launchBrowser(java.lang.String,java.lang.String)[pri:0, instance:SpiceJectTest.PassengersDetailsTest@815b41f]" started-at="2024-03-28T11:10:39 IST" name="launchBrowser" finished-at="2024-03-28T11:11:08 IST" duration-ms="28852" status="PASS">
          <params>
            <param index="0">
              <value>
                <![CDATA[chrome]]>
              </value>
            </param>
            <param index="1">
              <value>
                <![CDATA[https://www.spicejet.com/]]>
              </value>
            </param>
          </params>
          <reporter-output>
          </reporter-output>
        </test-method> <!-- launchBrowser -->
        <test-method signature="bookOneWayTickect()[pri:0, instance:SpiceJectTest.PassengersDetailsTest@815b41f]" started-at="2024-03-28T11:11:08 IST" name="bookOneWayTickect" finished-at="2024-03-28T11:11:56 IST" duration-ms="47476" status="PASS">
          <reporter-output>
          </reporter-output>
        </test-method> <!-- bookOneWayTickect -->
        <test-method is-config="true" signature="closeDriver()[pri:0, instance:SpiceJectTest.PassengersDetailsTest@815b41f]" started-at="2024-03-28T11:11:56 IST" name="closeDriver" finished-at="2024-03-28T11:11:56 IST" duration-ms="281" status="PASS">
          <reporter-output>
          </reporter-output>
        </test-method> <!-- closeDriver -->
      </class> <!-- SpiceJectTest.PassengersDetailsTest -->
    </test> <!-- Test -->
  </suite> <!-- Suite -->
</testng-results>
